mobile_app/build/app/intermediates/manifest_merge_blame_file/release/processReleaseMainManifest/manifest-merger-blame-release-report.txt
1<?xml version="1.0" encoding="utf-8"?>
2<manifest xmlns:android="http://schemas.android.com/apk/res/android"
3    package="com.example.flutter_application_1"
4    android:versionCode="1"
5    android:versionName="1.0.0" >
6
7    <uses-sdk
8        android:minSdkVersion="21"
9        android:targetSdkVersion="35" />
10
11    <uses-permission android:name="android.permission.INTERNET" />
11-->src\main\AndroidManifest.xml:2:5-67
11-->src\main\AndroidManifest.xml:2:22-64
12    <!--
13         Required to query activities that can process text, see:
14         https://developer.android.com/training/package-visibility and
15         https://developer.android.com/reference/android/content/Intent#ACTION_PROCESS_TEXT.
16
17         In particular, this is used by the Flutter engine in io.flutter.plugin.text.ProcessTextPlugin.
18    -->
19    <queries>
19-->src\main\AndroidManifest.xml:41:5-46:15
20        <intent>
20-->src\main\AndroidManifest.xml:42:9-45:18
21            <action android:name="android.intent.action.PROCESS_TEXT" />
21-->src\main\AndroidManifest.xml:43:13-72
21-->src\main\AndroidManifest.xml:43:21-70
22
23            <data android:mimeType="text/plain" />
23-->src\main\AndroidManifest.xml:44:13-50
23-->src\main\AndroidManifest.xml:44:19-48
24        </intent>
25    </queries>
26    <!-- Although the *SdkVersion is captured in gradle build files, this is required for non gradle builds -->
27    <!-- <uses-sdk android:minSdkVersion="14"/> -->
28    <uses-permission android:name="android.permission.ACCESS_NETWORK_STATE" />
28-->[com.google.firebase:firebase-database:20.3.1] AndroidManifest.xml:22:5-79
28-->[com.google.firebase:firebase-database:20.3.1] AndroidManifest.xml:22:22-76
29
30    <permission
30-->[androidx.core:core:1.13.1] AndroidManifest.xml:22:5-24:47
31        android:name="com.example.flutter_application_1.DYNAMIC_RECEIVER_NOT_EXPORTED_PERMISSION"
31-->[androidx.core:core:1.13.1] AndroidManifest.xml:23:9-81
32        android:protectionLevel="signature" />
32-->[androidx.core:core:1.13.1] AndroidManifest.xml:24:9-44
33
34    <uses-permission android:name="com.example.flutter_application_1.DYNAMIC_RECEIVER_NOT_EXPORTED_PERMISSION" />
34-->[androidx.core:core:1.13.1] AndroidManifest.xml:26:5-97
34-->[androidx.core:core:1.13.1] AndroidManifest.xml:26:22-94
35
36    <application
37        android:name="android.app.Application"
37-->src\main\AndroidManifest.xml:6:9-42
38        android:appComponentFactory="androidx.core.app.CoreComponentFactory"
38-->[androidx.core:core:1.13.1] AndroidManifest.xml:28:18-86
39        android:extractNativeLibs="true"
40        android:icon="@mipmap/ic_launcher"
40-->src\main\AndroidManifest.xml:7:9-43
41        android:label="flutter_application_1" >
41-->src\main\AndroidManifest.xml:5:9-46
42        <activity
42-->src\main\AndroidManifest.xml:8:9-29:20
43            android:name="com.example.flutter_application_1.MainActivity"
43-->src\main\AndroidManifest.xml:9:13-41
44            android:configChanges="orientation|keyboardHidden|keyboard|screenSize|smallestScreenSize|locale|layoutDirection|fontScale|screenLayout|density|uiMode"
44-->src\main\AndroidManifest.xml:14:13-163
45            android:exported="true"
45-->src\main\AndroidManifest.xml:10:13-36
46            android:hardwareAccelerated="true"
46-->src\main\AndroidManifest.xml:15:13-47
47            android:launchMode="singleTop"
47-->src\main\AndroidManifest.xml:11:13-43
48            android:taskAffinity=""
48-->src\main\AndroidManifest.xml:12:13-36
49            android:theme="@style/LaunchTheme"
49-->src\main\AndroidManifest.xml:13:13-47
50            android:windowSoftInputMode="adjustResize" >
50-->src\main\AndroidManifest.xml:16:13-55
51
52            <!--
53                 Specifies an Android theme to apply to this Activity as soon as
54                 the Android process has started. This theme is visible to the user
55                 while the Flutter UI initializes. After that, this theme continues
56                 to determine the Window background behind the Flutter UI.
57            -->
58            <meta-data
58-->src\main\AndroidManifest.xml:21:13-24:17
59                android:name="io.flutter.embedding.android.NormalTheme"
59-->src\main\AndroidManifest.xml:22:15-70
60                android:resource="@style/NormalTheme" />
60-->src\main\AndroidManifest.xml:23:15-52
61
62            <intent-filter>
62-->src\main\AndroidManifest.xml:25:13-28:29
63                <action android:name="android.intent.action.MAIN" />
63-->src\main\AndroidManifest.xml:26:17-68
63-->src\main\AndroidManifest.xml:26:25-66
64
65                <category android:name="android.intent.category.LAUNCHER" />
65-->src\main\AndroidManifest.xml:27:17-76
65-->src\main\AndroidManifest.xml:27:27-74
66            </intent-filter>
67        </activity>
68        <!--
69             Don't delete the meta-data below.
70             This is used by the Flutter tool to generate GeneratedPluginRegistrant.java
71        -->
72        <meta-data
72-->src\main\AndroidManifest.xml:32:9-34:33
73            android:name="flutterEmbedding"
73-->src\main\AndroidManifest.xml:33:13-44
74            android:value="2" />
74-->src\main\AndroidManifest.xml:34:13-30
75
76        <service
76-->[:firebase_database] AndroidManifest.xml:8:9-12:19
77            android:name="com.google.firebase.components.ComponentDiscoveryService"
77-->[:firebase_database] AndroidManifest.xml:8:18-89
78            android:directBootAware="true"
78-->[com.google.firebase:firebase-common:20.4.3] AndroidManifest.xml:32:13-43
79            android:exported="false" >
79-->[com.google.firebase:firebase-database:20.3.1] AndroidManifest.xml:28:13-37
80            <meta-data
80-->[:firebase_database] AndroidManifest.xml:9:13-11:85
81                android:name="com.google.firebase.components:io.flutter.plugins.firebase.database.FlutterFirebaseAppRegistrar"
81-->[:firebase_database] AndroidManifest.xml:10:17-127
82                android:value="com.google.firebase.components.ComponentRegistrar" />
82-->[:firebase_database] AndroidManifest.xml:11:17-82
83            <meta-data
83-->[:firebase_core] AndroidManifest.xml:9:13-11:85
84                android:name="com.google.firebase.components:io.flutter.plugins.firebase.core.FlutterFirebaseCoreRegistrar"
84-->[:firebase_core] AndroidManifest.xml:10:17-124
85                android:value="com.google.firebase.components.ComponentRegistrar" />
85-->[:firebase_core] AndroidManifest.xml:11:17-82
86            <meta-data
86-->[com.google.firebase:firebase-database:20.3.1] AndroidManifest.xml:29:13-31:85
87                android:name="com.google.firebase.components:com.google.firebase.database.FirebaseDatabaseKtxRegistrar"
87-->[com.google.firebase:firebase-database:20.3.1] AndroidManifest.xml:30:17-120
88                android:value="com.google.firebase.components.ComponentRegistrar" />
88-->[com.google.firebase:firebase-database:20.3.1] AndroidManifest.xml:31:17-82
89            <meta-data
89-->[com.google.firebase:firebase-database:20.3.1] AndroidManifest.xml:32:13-34:85
90                android:name="com.google.firebase.components:com.google.firebase.database.DatabaseRegistrar"
90-->[com.google.firebase:firebase-database:20.3.1] AndroidManifest.xml:33:17-109
91                android:value="com.google.firebase.components.ComponentRegistrar" />
91-->[com.google.firebase:firebase-database:20.3.1] AndroidManifest.xml:34:17-82
92            <meta-data
92-->[com.google.firebase:firebase-common-ktx:20.4.3] AndroidManifest.xml:12:13-14:85
93                android:name="com.google.firebase.components:com.google.firebase.ktx.FirebaseCommonLegacyRegistrar"
93-->[com.google.firebase:firebase-common-ktx:20.4.3] AndroidManifest.xml:13:17-116
94                android:value="com.google.firebase.components.ComponentRegistrar" />
94-->[com.google.firebase:firebase-common-ktx:20.4.3] AndroidManifest.xml:14:17-82
95            <meta-data
95-->[com.google.firebase:firebase-common:20.4.3] AndroidManifest.xml:35:13-37:85
96                android:name="com.google.firebase.components:com.google.firebase.FirebaseCommonKtxRegistrar"
96-->[com.google.firebase:firebase-common:20.4.3] AndroidManifest.xml:36:17-109
97                android:value="com.google.firebase.components.ComponentRegistrar" />
97-->[com.google.firebase:firebase-common:20.4.3] AndroidManifest.xml:37:17-82
98        </service>
99
100        <provider
100-->[com.google.firebase:firebase-common:20.4.3] AndroidManifest.xml:23:9-28:39
101            android:name="com.google.firebase.provider.FirebaseInitProvider"
101-->[com.google.firebase:firebase-common:20.4.3] AndroidManifest.xml:24:13-77
102            android:authorities="com.example.flutter_application_1.firebaseinitprovider"
102-->[com.google.firebase:firebase-common:20.4.3] AndroidManifest.xml:25:13-72
103            android:directBootAware="true"
103-->[com.google.firebase:firebase-common:20.4.3] AndroidManifest.xml:26:13-43
104            android:exported="false"
104-->[com.google.firebase:firebase-common:20.4.3] AndroidManifest.xml:27:13-37
105            android:initOrder="100" />
105-->[com.google.firebase:firebase-common:20.4.3] AndroidManifest.xml:28:13-36
106
107        <activity
107-->[com.google.android.gms:play-services-base:18.1.0] AndroidManifest.xml:20:9-22:45
108            android:name="com.google.android.gms.common.api.GoogleApiActivity"
108-->[com.google.android.gms:play-services-base:18.1.0] AndroidManifest.xml:20:19-85
109            android:exported="false"
109-->[com.google.android.gms:play-services-base:18.1.0] AndroidManifest.xml:22:19-43
110            android:theme="@android:style/Theme.Translucent.NoTitleBar" />
110-->[com.google.android.gms:play-services-base:18.1.0] AndroidManifest.xml:21:19-78
111
112        <uses-library
112-->[androidx.window:window:1.2.0] AndroidManifest.xml:23:9-25:40
113            android:name="androidx.window.extensions"
113-->[androidx.window:window:1.2.0] AndroidManifest.xml:24:13-54
114            android:required="false" />
114-->[androidx.window:window:1.2.0] AndroidManifest.xml:25:13-37
115        <uses-library
115-->[androidx.window:window:1.2.0] AndroidManifest.xml:26:9-28:40
116            android:name="androidx.window.sidecar"
116-->[androidx.window:window:1.2.0] AndroidManifest.xml:27:13-51
117            android:required="false" />
117-->[androidx.window:window:1.2.0] AndroidManifest.xml:28:13-37
118
119        <meta-data
119-->[com.google.android.gms:play-services-basement:18.3.0] AndroidManifest.xml:21:9-23:69
120            android:name="com.google.android.gms.version"
120-->[com.google.android.gms:play-services-basement:18.3.0] AndroidManifest.xml:22:13-58
121            android:value="@integer/google_play_services_version" />
121-->[com.google.android.gms:play-services-basement:18.3.0] AndroidManifest.xml:23:13-66
122
123        <provider
123-->[androidx.lifecycle:lifecycle-process:2.7.0] AndroidManifest.xml:24:9-32:20
124            android:name="androidx.startup.InitializationProvider"
124-->[androidx.lifecycle:lifecycle-process:2.7.0] AndroidManifest.xml:25:13-67
125            android:authorities="com.example.flutter_application_1.androidx-startup"
125-->[androidx.lifecycle:lifecycle-process:2.7.0] AndroidManifest.xml:26:13-68
126            android:exported="false" >
126-->[androidx.lifecycle:lifecycle-process:2.7.0] AndroidManifest.xml:27:13-37
127            <meta-data
127-->[androidx.lifecycle:lifecycle-process:2.7.0] AndroidManifest.xml:29:13-31:52
128                android:name="androidx.lifecycle.ProcessLifecycleInitializer"
128-->[androidx.lifecycle:lifecycle-process:2.7.0] AndroidManifest.xml:30:17-78
129                android:value="androidx.startup" />
129-->[androidx.lifecycle:lifecycle-process:2.7.0] AndroidManifest.xml:31:17-49
130            <meta-data
130-->[androidx.profileinstaller:profileinstaller:1.3.1] AndroidManifest.xml:29:13-31:52
131                android:name="androidx.profileinstaller.ProfileInstallerInitializer"
131-->[androidx.profileinstaller:profileinstaller:1.3.1] AndroidManifest.xml:30:17-85
132                android:value="androidx.startup" />
132-->[androidx.profileinstaller:profileinstaller:1.3.1] AndroidManifest.xml:31:17-49
133        </provider>
134
135        <receiver
135-->[androidx.profileinstaller:profileinstaller:1.3.1] AndroidManifest.xml:34:9-52:20
136            android:name="androidx.profileinstaller.ProfileInstallReceiver"
136-->[androidx.profileinstaller:profileinstaller:1.3.1] AndroidManifest.xml:35:13-76
137            android:directBootAware="false"
137-->[androidx.profileinstaller:profileinstaller:1.3.1] AndroidManifest.xml:36:13-44
138            android:enabled="true"
138-->[androidx.profileinstaller:profileinstaller:1.3.1] AndroidManifest.xml:37:13-35
139            android:exported="true"
139-->[androidx.profileinstaller:profileinstaller:1.3.1] AndroidManifest.xml:38:13-36
140            android:permission="android.permission.DUMP" >
140-->[androidx.profileinstaller:profileinstaller:1.3.1] AndroidManifest.xml:39:13-57
141            <intent-filter>
141-->[androidx.profileinstaller:profileinstaller:1.3.1] AndroidManifest.xml:40:13-42:29
142                <action android:name="androidx.profileinstaller.action.INSTALL_PROFILE" />
142-->[androidx.profileinstaller:profileinstaller:1.3.1] AndroidManifest.xml:41:17-91
142-->[androidx.profileinstaller:profileinstaller:1.3.1] AndroidManifest.xml:41:25-88
143            </intent-filter>
144            <intent-filter>
144-->[androidx.profileinstaller:profileinstaller:1.3.1] AndroidManifest.xml:43:13-45:29
145                <action android:name="androidx.profileinstaller.action.SKIP_FILE" />
145-->[androidx.profileinstaller:profileinstaller:1.3.1] AndroidManifest.xml:44:17-85
145-->[androidx.profileinstaller:profileinstaller:1.3.1] AndroidManifest.xml:44:25-82
146            </intent-filter>
147            <intent-filter>
147-->[androidx.profileinstaller:profileinstaller:1.3.1] AndroidManifest.xml:46:13-48:29
148                <action android:name="androidx.profileinstaller.action.SAVE_PROFILE" />
148-->[androidx.profileinstaller:profileinstaller:1.3.1] AndroidManifest.xml:47:17-88
148-->[androidx.profileinstaller:profileinstaller:1.3.1] AndroidManifest.xml:47:25-85
149            </intent-filter>
150            <intent-filter>
150-->[androidx.profileinstaller:profileinstaller:1.3.1] AndroidManifest.xml:49:13-51:29
151                <action android:name="androidx.profileinstaller.action.BENCHMARK_OPERATION" />
151-->[androidx.profileinstaller:profileinstaller:1.3.1] AndroidManifest.xml:50:17-95
151-->[androidx.profileinstaller:profileinstaller:1.3.1] AndroidManifest.xml:50:25-92
152            </intent-filter>
153        </receiver>
154    </application>
155
156</manifest>